{
  "stats": {
    "suites": 1,
    "tests": 1,
    "passes": 1,
    "pending": 0,
    "failures": 0,
    "start": "2025-11-24T23:01:30.768Z",
    "end": "2025-11-24T23:01:31.498Z",
    "duration": 730,
    "testsRegistered": 1,
    "passPercent": 100,
    "pendingPercent": 0,
    "other": 0,
    "hasOther": false,
    "skipped": 0,
    "hasSkipped": false
  },
  "results": [
    {
      "uuid": "46184361-2198-4ae4-9753-560049d7095c",
      "title": "",
      "fullFile": "cypress\\e2e\\network.cy.js",
      "file": "cypress\\e2e\\network.cy.js",
      "beforeHooks": [],
      "afterHooks": [],
      "tests": [],
      "suites": [
        {
          "uuid": "8c2f7ef3-8e2e-4df4-8670-aa5cf7bdfc6c",
          "title": "Validar respuesta JSON con ReqRes",
          "fullFile": "",
          "file": "",
          "beforeHooks": [],
          "afterHooks": [],
          "tests": [
            {
              "title": "Debe devolver un usuario en formato JSON",
              "fullTitle": "Validar respuesta JSON con ReqRes Debe devolver un usuario en formato JSON",
              "timedOut": null,
              "duration": 686,
              "state": "passed",
              "speed": "fast",
              "pass": true,
              "fail": false,
              "pending": false,
              "context": null,
              "code": "cy.request({\n  method: 'GET',\n  url: 'https://reqres.in/api/users/2',\n  failOnStatusCode: false\n}).then(response => {\n  expect(response.status).to.be.oneOf([200, 401]);\n  expect(response.headers['content-type']).to.include('application/json');\n  // Validación flexible según respuesta\n  if (response.status === 200) {\n    expect(response.body).to.have.property('data');\n  } else {\n    expect(response.body).to.have.property('error');\n  }\n});",
              "err": {},
              "uuid": "e68f9f80-7528-41bb-b73c-52dbcae995b1",
              "parentUUID": "8c2f7ef3-8e2e-4df4-8670-aa5cf7bdfc6c",
              "isHook": false,
              "skipped": false
            }
          ],
          "suites": [],
          "passes": [
            "e68f9f80-7528-41bb-b73c-52dbcae995b1"
          ],
          "failures": [],
          "pending": [],
          "skipped": [],
          "duration": 686,
          "root": false,
          "rootEmpty": false,
          "_timeout": 2000
        }
      ],
      "passes": [],
      "failures": [],
      "pending": [],
      "skipped": [],
      "duration": 0,
      "root": true,
      "rootEmpty": true,
      "_timeout": 2000
    }
  ],
  "meta": {
    "mocha": {
      "version": "7.0.1"
    },
    "mochawesome": {
      "options": {
        "quiet": false,
        "reportFilename": "mochawesome",
        "saveHtml": true,
        "saveJson": true,
        "consoleReporter": "spec",
        "useInlineDiffs": false,
        "code": true
      },
      "version": "7.1.4"
    },
    "marge": {
      "options": {
        "reportDir": "cypress/reports",
        "overwrite": false,
        "html": true,
        "json": true,
        "timestamp": "mmddyyyy_HHMMss"
      },
      "version": "6.3.2"
    }
  }
}